<?xml version="1.0" encoding="UTF-8"?>
<testng-results ignored="0" total="1" passed="1" failed="0" skipped="0">
  <reporter-output>
  </reporter-output>
  <suite started-at="2019-09-06T18:02:00Z" name="Default suite" finished-at="2019-09-06T18:02:05Z" duration-ms="5574">
    <groups>
    </groups>
    <test started-at="2019-09-06T18:02:00Z" name="Default test" finished-at="2019-09-06T18:02:05Z" duration-ms="5574">
      <class name="maventest.RestDemo1">
        <test-method signature="getweather()[pri:0, instance:maventest.RestDemo1@21507a04]" started-at="2019-09-06T18:02:00Z" name="getweather" finished-at="2019-09-06T18:02:05Z" duration-ms="5513" status="PASS">
          <reporter-output>
          </reporter-output>
        </test-method> <!-- getweather -->
      </class> <!-- maventest.RestDemo1 -->
    </test> <!-- Default test -->
  </suite> <!-- Default suite -->
</testng-results>
